<?xml version="1.0" encoding="UTF-8"?>
<!-- Generated by org.testng.reporters.JUnitXMLReporter -->
<testsuite hostname="PTPLL325" ignored="1" name="Default test" tests="2" failures="0" timestamp="27 Jul 2017 18:14:22 GMT" time="1161.573" errors="0">
  <testcase name="checkDelivery" time="1145.835" classname="com.myauto.ScripFinder"/>
  <testcase name="compareScrips" time="0.17" classname="com.myauto.ScripFinder"/>
  <testcase name="updateDiff" time="0.0" classname="com.myauto.ScripFinder">
    <ignored/>
  </testcase> <!-- updateDiff -->
</testsuite> <!-- Default test -->
