<?xml version="1.0" encoding="UTF-8"?>
<testng-results skipped="0" failed="0" ignored="1" total="3" passed="2">
  <reporter-output>
  </reporter-output>
  <suite name="Default suite" duration-ms="1161573" started-at="2017-07-27T17:55:00Z" finished-at="2017-07-27T18:14:22Z">
    <groups>
    </groups>
    <test name="Default test" duration-ms="1161573" started-at="2017-07-27T17:55:00Z" finished-at="2017-07-27T18:14:22Z">
      <class name="com.myauto.ScripFinder">
        <test-method status="PASS" signature="loadPage()[pri:0, instance:com.myauto.ScripFinder@5f341870]" name="loadPage" is-config="true" duration-ms="7217" started-at="2017-07-27T23:25:00Z" finished-at="2017-07-27T23:25:08Z">
          <reporter-output>
          </reporter-output>
        </test-method> <!-- loadPage -->
        <test-method status="PASS" signature="checkDelivery()[pri:2, instance:com.myauto.ScripFinder@5f341870]" name="checkDelivery" duration-ms="1145835" started-at="2017-07-27T23:25:08Z" finished-at="2017-07-27T23:44:14Z">
          <reporter-output>
          </reporter-output>
        </test-method> <!-- checkDelivery -->
        <test-method status="PASS" signature="closePage()[pri:0, instance:com.myauto.ScripFinder@5f341870]" name="closePage" is-config="true" duration-ms="1405" started-at="2017-07-27T23:44:14Z" finished-at="2017-07-27T23:44:15Z">
          <reporter-output>
          </reporter-output>
        </test-method> <!-- closePage -->
        <test-method status="PASS" signature="loadPage()[pri:0, instance:com.myauto.ScripFinder@5f341870]" name="loadPage" is-config="true" duration-ms="6100" started-at="2017-07-27T23:44:15Z" finished-at="2017-07-27T23:44:21Z">
          <reporter-output>
          </reporter-output>
        </test-method> <!-- loadPage -->
        <test-method status="PASS" signature="compareScrips()[pri:3, instance:com.myauto.ScripFinder@5f341870]" name="compareScrips" duration-ms="170" started-at="2017-07-27T23:44:21Z" finished-at="2017-07-27T23:44:21Z">
          <reporter-output>
          </reporter-output>
        </test-method> <!-- compareScrips -->
        <test-method status="PASS" signature="closePage()[pri:0, instance:com.myauto.ScripFinder@5f341870]" name="closePage" is-config="true" duration-ms="830" started-at="2017-07-27T23:44:21Z" finished-at="2017-07-27T23:44:22Z">
          <reporter-output>
          </reporter-output>
        </test-method> <!-- closePage -->
      </class> <!-- com.myauto.ScripFinder -->
    </test> <!-- Default test -->
  </suite> <!-- Default suite -->
</testng-results>
